
2022-08-06 15:44:33 127.0.0.1
Table 'my-site.wa_app_settings' doesn't exist
## wa-system/database/waDbMysqliAdapter.class.php(491)
#0 wa-system/database/waDbMysqliAdapter.class.php(189): waDbMysqliAdapter->exception()
#1 wa-system/database/waModel.class.php(194): waDbMysqliAdapter->schema('wa_app_settings', false)
#2 wa-system/webasyst/lib/models/waAppSettings.model.php(114): waModel->describe('wa_app_settings', false)
#3 wa-system/database/waModel.class.php(149): waAppSettingsModel->describe()
#4 wa-system/database/waModel.class.php(99): waModel->getFields()
#5 wa-system/database/waModel.class.php(78): waModel->getMetadata()
#6 wa-system/contact/waContact.class.php(67): waModel->__construct()
#7 wa-system/user/waUser.class.php(22): waContact->init()
#8 wa-system/user/waAuthUser.class.php(32): waUser->init()
#9 wa-system/user/waAuthUser.class.php(27): waAuthUser->init()
#10 wa-system/waSystem.class.php(251): waAuthUser->__construct(NULL, Array)
#11 wa-system/waSystem.class.php(293): waSystem::getCommonFactory('auth_user', 'waAuthUser', Array, NULL)
#12 wa-system/controller/waDispatch.class.php(115): waSystem->getUser()
#13 wa-system/controller/waDispatch.class.php(32): waDispatch->dispatchBackend('webasyst/')
#14 wa-system/waSystem.class.php(610): waDispatch->dispatch()
#15 index.php(7): waSystem->dispatch()
#16 {main}

2022-08-06 15:44:34 127.0.0.1
Table 'my-site.wa_app_settings' doesn't exist
## wa-system/database/waDbMysqliAdapter.class.php(491)
#0 wa-system/database/waDbMysqliAdapter.class.php(189): waDbMysqliAdapter->exception()
#1 wa-system/database/waModel.class.php(194): waDbMysqliAdapter->schema('wa_app_settings', false)
#2 wa-system/webasyst/lib/models/waAppSettings.model.php(114): waModel->describe('wa_app_settings', false)
#3 wa-system/database/waModel.class.php(149): waAppSettingsModel->describe()
#4 wa-system/database/waModel.class.php(99): waModel->getFields()
#5 wa-system/database/waModel.class.php(78): waModel->getMetadata()
#6 wa-system/config/waAppConfig.class.php(251): waModel->__construct()
#7 wa-system/waSystem.class.php(102): waAppConfig->checkUpdates()
#8 wa-system/waSystem.class.php(1492): waSystem::getInstance('webasyst', Object(webasystConfig), false)
#9 wa-system/webasyst/lib/models/waAppSettings.model.php(118): wa('webasyst')
#10 wa-system/database/waModel.class.php(149): waAppSettingsModel->describe()
#11 wa-system/database/waModel.class.php(99): waModel->getFields()
#12 wa-system/database/waModel.class.php(78): waModel->getMetadata()
#13 wa-system/contact/waContact.class.php(67): waModel->__construct()
#14 wa-system/user/waUser.class.php(22): waContact->init()
#15 wa-system/user/waAuthUser.class.php(32): waUser->init()
#16 wa-system/user/waAuthUser.class.php(27): waAuthUser->init()
#17 wa-system/waSystem.class.php(251): waAuthUser->__construct(NULL, Array)
#18 wa-system/waSystem.class.php(293): waSystem::getCommonFactory('auth_user', 'waAuthUser', Array, NULL)
#19 wa-system/controller/waDispatch.class.php(115): waSystem->getUser()
#20 wa-system/controller/waDispatch.class.php(32): waDispatch->dispatchBackend('webasyst/')
#21 wa-system/waSystem.class.php(610): waDispatch->dispatch()
#22 index.php(7): waSystem->dispatch()
#23 {main}

2022-08-06 15:44:34 127.0.0.1
Table 'my-site.wa_app_settings' doesn't exist
## wa-system/database/waDbMysqliAdapter.class.php(491)
#0 wa-system/database/waDbMysqliAdapter.class.php(189): waDbMysqliAdapter->exception()
#1 wa-system/database/waModel.class.php(194): waDbMysqliAdapter->schema('wa_app_settings', false)
#2 wa-system/webasyst/lib/models/waAppSettings.model.php(119): waModel->describe('wa_app_settings', false)
#3 wa-system/database/waModel.class.php(149): waAppSettingsModel->describe()
#4 wa-system/database/waModel.class.php(99): waModel->getFields()
#5 wa-system/database/waModel.class.php(78): waModel->getMetadata()
#6 wa-system/config/waAppConfig.class.php(251): waModel->__construct()
#7 wa-system/waSystem.class.php(102): waAppConfig->checkUpdates()
#8 wa-system/waSystem.class.php(1492): waSystem::getInstance('webasyst', Object(webasystConfig), false)
#9 wa-system/webasyst/lib/models/waAppSettings.model.php(118): wa('webasyst')
#10 wa-system/database/waModel.class.php(149): waAppSettingsModel->describe()
#11 wa-system/database/waModel.class.php(99): waModel->getFields()
#12 wa-system/database/waModel.class.php(78): waModel->getMetadata()
#13 wa-system/contact/waContact.class.php(67): waModel->__construct()
#14 wa-system/user/waUser.class.php(22): waContact->init()
#15 wa-system/user/waAuthUser.class.php(32): waUser->init()
#16 wa-system/user/waAuthUser.class.php(27): waAuthUser->init()
#17 wa-system/waSystem.class.php(251): waAuthUser->__construct(NULL, Array)
#18 wa-system/waSystem.class.php(293): waSystem::getCommonFactory('auth_user', 'waAuthUser', Array, NULL)
#19 wa-system/controller/waDispatch.class.php(115): waSystem->getUser()
#20 wa-system/controller/waDispatch.class.php(32): waDispatch->dispatchBackend('webasyst/')
#21 wa-system/waSystem.class.php(610): waDispatch->dispatch()
#22 index.php(7): waSystem->dispatch()
#23 {main}

2022-08-23 08:33:30 127.0.0.1
Access denied for user 'root'@'localhost' (using password: YES)
## wa-system/database/waDbMysqliAdapter.class.php(37)
#0 wa-system/database/waDbAdapter.class.php(30): waDbMysqliAdapter->connect(Array)
#1 wa-system/database/waDbConnector.class.php(52): waDbAdapter->__construct(Array)
#2 wa-system/database/waModel.class.php(76): waDbConnector::getConnection('default', false)
#3 wa-system/contact/waContact.class.php(67): waModel->__construct()
#4 wa-system/user/waUser.class.php(22): waContact->init()
#5 wa-system/user/waAuthUser.class.php(32): waUser->init()
#6 wa-system/user/waAuthUser.class.php(27): waAuthUser->init()
#7 wa-system/waSystem.class.php(251): waAuthUser->__construct(NULL, Array)
#8 wa-system/waSystem.class.php(293): waSystem::getCommonFactory('auth_user', 'waAuthUser', Array, NULL)
#9 wa-system/waSystem.class.php(875): waSystem->getUser()
#10 wa-system/waSystem.class.php(1099): waSystem->getApps()
#11 wa-system/routing/waRouting.class.php(224): waSystem->appExists('site')
#12 wa-system/controller/waDispatch.class.php(288): waRouting->dispatch()
#13 wa-system/controller/waDispatch.class.php(34): waDispatch->dispatchFrontend('')
#14 wa-system/waSystem.class.php(610): waDispatch->dispatch()
#15 index.php(7): waSystem->dispatch()
#16 {main}

2022-08-23 08:33:30 127.0.0.1
Access denied for user 'root'@'localhost' (using password: YES)
## wa-system/database/waDbMysqliAdapter.class.php(37)
#0 wa-system/database/waDbAdapter.class.php(30): waDbMysqliAdapter->connect(Array)
#1 wa-system/database/waDbConnector.class.php(52): waDbAdapter->__construct(Array)
#2 wa-system/database/waModel.class.php(76): waDbConnector::getConnection('default', false)
#3 wa-system/verification/models/waVerificationChannel.model.php(17): waModel->__construct(NULL, false)
#4 wa-system/config/waAuthConfig.class.php(770): waVerificationChannelModel->__construct()
#5 wa-system/config/waAuthConfig.class.php(63): waAuthConfig->getVerificationChannelModel()
#6 wa-system/config/waDomainAuthConfig.class.php(720): waAuthConfig->ensureChannelExists()
#7 wa-system/config/waDomainAuthConfig.class.php(96): waDomainAuthConfig->ensureVerificationChannelIdsConsistency()
#8 wa-system/config/waAuthConfig.class.php(46): waDomainAuthConfig::factory('my-site.ru')
#9 wa-system/auth/waAuth.class.php(72): waAuthConfig::factory(Array)
#10 wa-system/waSystem.class.php(226): waAuth->__construct(Array)
#11 wa-system/waSystem.class.php(502): waSystem->getFactory('auth', 'waAuth', Array)
#12 wa-system/user/waAuthUser.class.php(45): waSystem->getAuth()
#13 wa-system/user/waAuthUser.class.php(27): waAuthUser->init()
#14 wa-system/waSystem.class.php(251): waAuthUser->__construct(NULL, Array)
#15 wa-system/waSystem.class.php(293): waSystem::getCommonFactory('auth_user', 'waAuthUser', Array, NULL)
#16 wa-system/waSystem.class.php(875): waSystem->getUser()
#17 wa-system/waSystem.class.php(1099): waSystem->getApps()
#18 wa-system/routing/waRouting.class.php(224): waSystem->appExists('site')
#19 wa-system/controller/waDispatch.class.php(288): waRouting->dispatch()
#20 wa-system/controller/waDispatch.class.php(34): waDispatch->dispatchFrontend('')
#21 wa-system/waSystem.class.php(610): waDispatch->dispatch()
#22 index.php(7): waSystem->dispatch()
#23 {main}

2022-08-23 08:33:41 127.0.0.1
Unknown database 'my-site'
## wa-system/database/waDbMysqliAdapter.class.php(37)
#0 wa-system/database/waDbAdapter.class.php(30): waDbMysqliAdapter->connect(Array)
#1 wa-system/database/waDbConnector.class.php(52): waDbAdapter->__construct(Array)
#2 wa-system/database/waModel.class.php(76): waDbConnector::getConnection('default', false)
#3 wa-system/contact/waContact.class.php(67): waModel->__construct()
#4 wa-system/user/waUser.class.php(22): waContact->init()
#5 wa-system/user/waAuthUser.class.php(32): waUser->init()
#6 wa-system/user/waAuthUser.class.php(27): waAuthUser->init()
#7 wa-system/waSystem.class.php(251): waAuthUser->__construct(NULL, Array)
#8 wa-system/waSystem.class.php(293): waSystem::getCommonFactory('auth_user', 'waAuthUser', Array, NULL)
#9 wa-system/waSystem.class.php(875): waSystem->getUser()
#10 wa-system/waSystem.class.php(1099): waSystem->getApps()
#11 wa-system/routing/waRouting.class.php(224): waSystem->appExists('site')
#12 wa-system/controller/waDispatch.class.php(288): waRouting->dispatch()
#13 wa-system/controller/waDispatch.class.php(34): waDispatch->dispatchFrontend('')
#14 wa-system/waSystem.class.php(610): waDispatch->dispatch()
#15 index.php(7): waSystem->dispatch()
#16 {main}

2022-08-23 08:33:41 127.0.0.1
Unknown database 'my-site'
## wa-system/database/waDbMysqliAdapter.class.php(37)
#0 wa-system/database/waDbAdapter.class.php(30): waDbMysqliAdapter->connect(Array)
#1 wa-system/database/waDbConnector.class.php(52): waDbAdapter->__construct(Array)
#2 wa-system/database/waModel.class.php(76): waDbConnector::getConnection('default', false)
#3 wa-system/verification/models/waVerificationChannel.model.php(17): waModel->__construct(NULL, false)
#4 wa-system/config/waAuthConfig.class.php(770): waVerificationChannelModel->__construct()
#5 wa-system/config/waAuthConfig.class.php(63): waAuthConfig->getVerificationChannelModel()
#6 wa-system/config/waDomainAuthConfig.class.php(720): waAuthConfig->ensureChannelExists()
#7 wa-system/config/waDomainAuthConfig.class.php(96): waDomainAuthConfig->ensureVerificationChannelIdsConsistency()
#8 wa-system/config/waAuthConfig.class.php(46): waDomainAuthConfig::factory('my-site.ru')
#9 wa-system/auth/waAuth.class.php(72): waAuthConfig::factory(Array)
#10 wa-system/waSystem.class.php(226): waAuth->__construct(Array)
#11 wa-system/waSystem.class.php(502): waSystem->getFactory('auth', 'waAuth', Array)
#12 wa-system/user/waAuthUser.class.php(45): waSystem->getAuth()
#13 wa-system/user/waAuthUser.class.php(27): waAuthUser->init()
#14 wa-system/waSystem.class.php(251): waAuthUser->__construct(NULL, Array)
#15 wa-system/waSystem.class.php(293): waSystem::getCommonFactory('auth_user', 'waAuthUser', Array, NULL)
#16 wa-system/waSystem.class.php(875): waSystem->getUser()
#17 wa-system/waSystem.class.php(1099): waSystem->getApps()
#18 wa-system/routing/waRouting.class.php(224): waSystem->appExists('site')
#19 wa-system/controller/waDispatch.class.php(288): waRouting->dispatch()
#20 wa-system/controller/waDispatch.class.php(34): waDispatch->dispatchFrontend('')
#21 wa-system/waSystem.class.php(610): waDispatch->dispatch()
#22 index.php(7): waSystem->dispatch()
#23 {main}
